<?xml version="1.0" encoding="UTF-8"?>
<!-- Generated by org.testng.reporters.JUnitXMLReporter -->
<testsuite hostname="Lenovo" ignored="0" name="Test" tests="6" failures="0" timestamp="30 Dec 2020 05:30:14 GMT" time="133.716" errors="0">
  <testcase name="test1" time="10.096" classname="testNG.Facebook2"/>
  <testcase name="test4" time="34.342" classname="testNG.Facebook2"/>
  <testcase name="test6" time="9.106" classname="testNG.Facebook2"/>
  <testcase name="test2" time="8.458" classname="testNG.Facebook"/>
  <testcase name="test3" time="23.724" classname="testNG.Facebook"/>
  <testcase name="test5" time="19.072" classname="testNG.Facebook"/>
</testsuite> <!-- Test -->
